[twitter-trends.iamrohit.in/index.html]
[backblue.gif]
[fade.gif]
[index.html]
[twitter-trends.iamrohit.in/twitter-trends.png]
[twitter-trends.iamrohit.in/fav.png]
[maxcdn.bootstrapcdn.com/bootstrap/3.3.7/css/bootstrap.min.css]
[maxcdn.bootstrapcdn.com/font-awesome/4.7.0/css/font-awesome.min.css]
[maxcdn.bootstrapcdn.com/bootstrap/3.3.7/js/bootstrap.min.js]
[code.jquery.com/jquery-3.2.1.min.js]
[pagead2.googlesyndication.com/pagead/js/f.txt]
[lab.iamrohit.in/img/adblock.js]
[twitter-trends.iamrohit.in/algeria.html]
[twitter-trends.iamrohit.in/argentina.html]
[twitter-trends.iamrohit.in/australia.html]
[twitter-trends.iamrohit.in/austria.html]
[twitter-trends.iamrohit.in/bahrain.html]
[twitter-trends.iamrohit.in/belarus.html]
[twitter-trends.iamrohit.in/belgium.html]
[twitter-trends.iamrohit.in/brazil.html]
[twitter-trends.iamrohit.in/canada.html]
[twitter-trends.iamrohit.in/chile.html]
[twitter-trends.iamrohit.in/colombia.html]
[twitter-trends.iamrohit.in/denmark.html]
[twitter-trends.iamrohit.in/dominican-republic.html]
[twitter-trends.iamrohit.in/ecuador.html]
[twitter-trends.iamrohit.in/egypt.html]
[twitter-trends.iamrohit.in/france.html]
[twitter-trends.iamrohit.in/germany.html]
[twitter-trends.iamrohit.in/ghana.html]
[twitter-trends.iamrohit.in/greece.html]
[twitter-trends.iamrohit.in/guatemala.html]
[twitter-trends.iamrohit.in/india.html]
[twitter-trends.iamrohit.in/indonesia.html]
[twitter-trends.iamrohit.in/ireland.html]
[twitter-trends.iamrohit.in/israel.html]
[twitter-trends.iamrohit.in/italy.html]
[twitter-trends.iamrohit.in/japan.html]
[twitter-trends.iamrohit.in/jordan.html]
[twitter-trends.iamrohit.in/kenya.html]
[twitter-trends.iamrohit.in/korea.html]
[twitter-trends.iamrohit.in/kuwait.html]
[twitter-trends.iamrohit.in/latvia.html]
[twitter-trends.iamrohit.in/lebanon.html]
[twitter-trends.iamrohit.in/malaysia.html]
[twitter-trends.iamrohit.in/mexico.html]
[twitter-trends.iamrohit.in/netherlands.html]
[twitter-trends.iamrohit.in/new-zealand.html]
[twitter-trends.iamrohit.in/nigeria.html]
[twitter-trends.iamrohit.in/norway.html]
[twitter-trends.iamrohit.in/oman.html]
[twitter-trends.iamrohit.in/pakistan.html]
[twitter-trends.iamrohit.in/panama.html]
[twitter-trends.iamrohit.in/peru.html]
[twitter-trends.iamrohit.in/philippines.html]
[twitter-trends.iamrohit.in/poland.html]
[twitter-trends.iamrohit.in/portugal.html]
[twitter-trends.iamrohit.in/puerto-rico.html]
[twitter-trends.iamrohit.in/qatar.html]
[twitter-trends.iamrohit.in/russia.html]
[twitter-trends.iamrohit.in/saudi-arabia.html]
[twitter-trends.iamrohit.in/singapore.html]
[twitter-trends.iamrohit.in/south-africa.html]
[twitter-trends.iamrohit.in/spain.html]
[twitter-trends.iamrohit.in/sweden.html]
[twitter-trends.iamrohit.in/switzerland.html]
[twitter-trends.iamrohit.in/thailand.html]
[twitter-trends.iamrohit.in/turkey.html]
[twitter-trends.iamrohit.in/ukraine.html]
[twitter-trends.iamrohit.in/united-arab-emirates.html]
[twitter-trends.iamrohit.in/united-kingdom.html]
[twitter-trends.iamrohit.in/united-states.html]
[twitter-trends.iamrohit.in/venezuela.html]
[twitter-trends.iamrohit.in/vietnam.html]
[twitter-trends.iamrohit.in/clipboard.min.js]
[lab.iamrohit.in/demo/tb2excel/jquery.table2excel.js]
[twitter-trends.iamrohit.in/algeria/algiers.html]
[twitter-trends.iamrohit.in/argentina/mendoza.html]
[twitter-trends.iamrohit.in/argentina/córdoba.html]
[twitter-trends.iamrohit.in/argentina/rosario.html]
[twitter-trends.iamrohit.in/argentina/buenos-aires.html]
[twitter-trends.iamrohit.in/australia/perth.html]
[twitter-trends.iamrohit.in/australia/adelaide.html]
[twitter-trends.iamrohit.in/australia/brisbane.html]
[twitter-trends.iamrohit.in/australia/canberra.html]
[twitter-trends.iamrohit.in/australia/darwin.html]
[twitter-trends.iamrohit.in/australia/melbourne.html]
[twitter-trends.iamrohit.in/australia/sydney.html]
[twitter-trends.iamrohit.in/austria/vienna.html]
[twitter-trends.iamrohit.in/belarus/brest.html]
[twitter-trends.iamrohit.in/belarus/grodno.html]
[twitter-trends.iamrohit.in/belarus/gomel.html]
[twitter-trends.iamrohit.in/belarus/minsk.html]
[twitter-trends.iamrohit.in/brazil/brasília.html]
[twitter-trends.iamrohit.in/brazil/belém.html]
[twitter-trends.iamrohit.in/brazil/belo-horizonte.html]
[twitter-trends.iamrohit.in/brazil/curitiba.html]
[twitter-trends.iamrohit.in/brazil/porto-alegre.html]
[twitter-trends.iamrohit.in/brazil/recife.html]
[twitter-trends.iamrohit.in/brazil/rio-de-janeiro.html]
[twitter-trends.iamrohit.in/brazil/salvador.html]
[twitter-trends.iamrohit.in/brazil/são-paulo.html]
[twitter-trends.iamrohit.in/brazil/campinas.html]
[twitter-trends.iamrohit.in/brazil/fortaleza.html]
[twitter-trends.iamrohit.in/brazil/goiânia.html]
[twitter-trends.iamrohit.in/brazil/manaus.html]
[twitter-trends.iamrohit.in/brazil/são-luís.html]
[twitter-trends.iamrohit.in/brazil/guarulhos.html]
[twitter-trends.iamrohit.in/canada/winnipeg.html]
[twitter-trends.iamrohit.in/canada/ottawa.html]
[twitter-trends.iamrohit.in/canada/quebec.html]
[twitter-trends.iamrohit.in/canada/montreal.html]
[twitter-trends.iamrohit.in/canada/toronto.html]
[twitter-trends.iamrohit.in/canada/edmonton.html]
[twitter-trends.iamrohit.in/canada/calgary.html]
[twitter-trends.iamrohit.in/canada/vancouver.html]
[twitter-trends.iamrohit.in/chile/santiago.html]
[twitter-trends.iamrohit.in/chile/concepcion.html]
[twitter-trends.iamrohit.in/chile/valparaiso.html]
[twitter-trends.iamrohit.in/colombia/bogotá.html]
[twitter-trends.iamrohit.in/colombia/cali.html]
[twitter-trends.iamrohit.in/colombia/medellín.html]
[twitter-trends.iamrohit.in/colombia/barranquilla.html]
[twitter-trends.iamrohit.in/dominican-republic/santo-domingo.html]
[twitter-trends.iamrohit.in/germany/hamburg.html]
[twitter-trends.iamrohit.in/ghana/accra.html]
[twitter-trends.iamrohit.in/india/nagpur.html]
[twitter-trends.iamrohit.in/india/lucknow.html]
[twitter-trends.iamrohit.in/india/kanpur.html]
[twitter-trends.iamrohit.in/india/kolkata.html]
[twitter-trends.iamrohit.in/india/jaipur.html]
[twitter-trends.iamrohit.in/india/ahmedabad.html]
[twitter-trends.iamrohit.in/india/bangalore.html]
[twitter-trends.iamrohit.in/india/chennai.html]
[twitter-trends.iamrohit.in/japan/niigata.html]
[twitter-trends.iamrohit.in/kenya/nairobi.html]
[twitter-trends.iamrohit.in/korea/ansan.html]
[twitter-trends.iamrohit.in/nigeria/benin-city.html]
[twitter-trends.iamrohit.in/norway/oslo.html]
[twitter-trends.iamrohit.in/pakistan/karachi.html]
[twitter-trends.iamrohit.in/philippines/antipolo.html]
[twitter-trends.iamrohit.in/south-africa/durban.html]
[twitter-trends.iamrohit.in/united-kingdom/glasgow.html]
[twitter-trends.iamrohit.in/united-kingdom/london.html]
[twitter-trends.iamrohit.in/united-states/chicago.html]
[twitter-trends.iamrohit.in/united-states/indianapolis.html]
[twitter-trends.iamrohit.in/united-states/los-angeles.html]
[twitter-trends.iamrohit.in/united-states/miami.html]
[twitter-trends.iamrohit.in/united-states/new-york.html]
[s7.addthis.com/js/300/addthis_widget.js]
[twitter-trends.iamrohit.in/index.html]
[maxcdn.bootstrapcdn.com/bootstrap/3.3.7/css/bootstrap.min.css]
[maxcdn.bootstrapcdn.com/font-awesome/4.7.0/css/font-awesome.min.css]
[twitter-trends.iamrohit.in/algeria.html]
[twitter-trends.iamrohit.in/argentina.html]
[twitter-trends.iamrohit.in/australia.html]
[twitter-trends.iamrohit.in/austria.html]
[twitter-trends.iamrohit.in/bahrain.html]
[twitter-trends.iamrohit.in/belarus.html]
[twitter-trends.iamrohit.in/belgium.html]
[twitter-trends.iamrohit.in/brazil.html]
[twitter-trends.iamrohit.in/canada.html]
[twitter-trends.iamrohit.in/chile.html]
[twitter-trends.iamrohit.in/colombia.html]
[twitter-trends.iamrohit.in/denmark.html]
[twitter-trends.iamrohit.in/Dominican Republic]
[twitter-trends.iamrohit.in/dominican-republic.html]
[twitter-trends.iamrohit.in/ecuador.html]
[twitter-trends.iamrohit.in/egypt.html]
[twitter-trends.iamrohit.in/france.html]
[twitter-trends.iamrohit.in/germany.html]
[twitter-trends.iamrohit.in/ghana.html]
[twitter-trends.iamrohit.in/greece.html]
[twitter-trends.iamrohit.in/guatemala.html]
[twitter-trends.iamrohit.in/india.html]
[twitter-trends.iamrohit.in/indonesia.html]
[twitter-trends.iamrohit.in/ireland.html]
[twitter-trends.iamrohit.in/israel.html]
[twitter-trends.iamrohit.in/italy.html]
[twitter-trends.iamrohit.in/japan.html]
[twitter-trends.iamrohit.in/jordan.html]
[twitter-trends.iamrohit.in/kenya.html]
[twitter-trends.iamrohit.in/korea.html]
[twitter-trends.iamrohit.in/kuwait.html]
[twitter-trends.iamrohit.in/latvia.html]
[twitter-trends.iamrohit.in/lebanon.html]
[twitter-trends.iamrohit.in/malaysia.html]
[twitter-trends.iamrohit.in/mexico.html]
[twitter-trends.iamrohit.in/netherlands.html]
[twitter-trends.iamrohit.in/New Zealand]
[twitter-trends.iamrohit.in/new-zealand.html]
[twitter-trends.iamrohit.in/nigeria.html]
[twitter-trends.iamrohit.in/norway.html]
[twitter-trends.iamrohit.in/oman.html]
[twitter-trends.iamrohit.in/pakistan.html]
[twitter-trends.iamrohit.in/panama.html]
[twitter-trends.iamrohit.in/peru.html]
[twitter-trends.iamrohit.in/philippines.html]
[twitter-trends.iamrohit.in/poland.html]
[twitter-trends.iamrohit.in/portugal.html]
[twitter-trends.iamrohit.in/Puerto Rico]
[twitter-trends.iamrohit.in/puerto-rico.html]
[twitter-trends.iamrohit.in/qatar.html]
[twitter-trends.iamrohit.in/russia.html]
[twitter-trends.iamrohit.in/Saudi Arabia]
[twitter-trends.iamrohit.in/saudi-arabia.html]
[twitter-trends.iamrohit.in/singapore.html]
[twitter-trends.iamrohit.in/South Africa]
[twitter-trends.iamrohit.in/south-africa.html]
[twitter-trends.iamrohit.in/spain.html]
[twitter-trends.iamrohit.in/sweden.html]
[twitter-trends.iamrohit.in/switzerland.html]
[twitter-trends.iamrohit.in/thailand.html]
[twitter-trends.iamrohit.in/turkey.html]
[twitter-trends.iamrohit.in/ukraine.html]
[twitter-trends.iamrohit.in/United Arab Emirates]
[twitter-trends.iamrohit.in/united-arab-emirates.html]
[twitter-trends.iamrohit.in/United Kingdom]
[twitter-trends.iamrohit.in/united-kingdom.html]
[twitter-trends.iamrohit.in/United States]
[twitter-trends.iamrohit.in/united-states.html]
[twitter-trends.iamrohit.in/venezuela.html]
[twitter-trends.iamrohit.in/vietnam.html]
[twitter-trends.iamrohit.in/algeria/algiers.html]
[twitter-trends.iamrohit.in/argentina/mendoza.html]
[twitter-trends.iamrohit.in/argentina/córdoba.html]
[twitter-trends.iamrohit.in/argentina/rosario.html]
[twitter-trends.iamrohit.in/argentina/buenos-aires.html]
[twitter-trends.iamrohit.in/australia/perth.html]
[twitter-trends.iamrohit.in/australia/adelaide.html]
[twitter-trends.iamrohit.in/australia/brisbane.html]
[twitter-trends.iamrohit.in/australia/canberra.html]
[twitter-trends.iamrohit.in/australia/darwin.html]
[twitter-trends.iamrohit.in/australia/melbourne.html]
[twitter-trends.iamrohit.in/australia/sydney.html]
[twitter-trends.iamrohit.in/austria/vienna.html]
[twitter-trends.iamrohit.in/belarus/brest.html]
[twitter-trends.iamrohit.in/belarus/grodno.html]
[twitter-trends.iamrohit.in/belarus/gomel.html]
[twitter-trends.iamrohit.in/belarus/minsk.html]
[twitter-trends.iamrohit.in/brazil/brasília.html]
[twitter-trends.iamrohit.in/brazil/belém.html]
[twitter-trends.iamrohit.in/brazil/belo-horizonte.html]
[twitter-trends.iamrohit.in/brazil/curitiba.html]
[twitter-trends.iamrohit.in/brazil/porto-alegre.html]
[twitter-trends.iamrohit.in/brazil/recife.html]
[twitter-trends.iamrohit.in/brazil/rio-de-janeiro.html]
[twitter-trends.iamrohit.in/brazil/salvador.html]
[twitter-trends.iamrohit.in/brazil/são-paulo.html]
[twitter-trends.iamrohit.in/brazil/campinas.html]
[twitter-trends.iamrohit.in/brazil/fortaleza.html]
[twitter-trends.iamrohit.in/brazil/goiânia.html]
[twitter-trends.iamrohit.in/brazil/manaus.html]
[twitter-trends.iamrohit.in/brazil/são-luís.html]
[twitter-trends.iamrohit.in/brazil/guarulhos.html]
[twitter-trends.iamrohit.in/canada/winnipeg.html]
[twitter-trends.iamrohit.in/canada/ottawa.html]
[twitter-trends.iamrohit.in/canada/quebec.html]
[twitter-trends.iamrohit.in/canada/montreal.html]
[twitter-trends.iamrohit.in/canada/toronto.html]
[twitter-trends.iamrohit.in/canada/edmonton.html]
[twitter-trends.iamrohit.in/canada/calgary.html]
[twitter-trends.iamrohit.in/canada/vancouver.html]
[twitter-trends.iamrohit.in/chile/santiago.html]
[twitter-trends.iamrohit.in/chile/concepcion.html]
[twitter-trends.iamrohit.in/chile/valparaiso.html]
[twitter-trends.iamrohit.in/colombia/bogotá.html]
[twitter-trends.iamrohit.in/colombia/cali.html]
[twitter-trends.iamrohit.in/colombia/medellín.html]
[twitter-trends.iamrohit.in/colombia/barranquilla.html]
[twitter-trends.iamrohit.in/dominican-republic/santo-domingo.html]
[twitter-trends.iamrohit.in/germany/hamburg.html]
[twitter-trends.iamrohit.in/ghana/accra.html]
[twitter-trends.iamrohit.in/india/nagpur.html]
[twitter-trends.iamrohit.in/india/lucknow.html]
[twitter-trends.iamrohit.in/india/kanpur.html]
[twitter-trends.iamrohit.in/india/kolkata.html]
[twitter-trends.iamrohit.in/india/jaipur.html]
[twitter-trends.iamrohit.in/india/ahmedabad.html]
[twitter-trends.iamrohit.in/india/bangalore.html]
[twitter-trends.iamrohit.in/india/chennai.html]
[twitter-trends.iamrohit.in/japan/niigata.html]
[twitter-trends.iamrohit.in/kenya/nairobi.html]
[twitter-trends.iamrohit.in/korea/ansan.html]
[twitter-trends.iamrohit.in/nigeria/benin-city.html]
[twitter-trends.iamrohit.in/norway/oslo.html]
[twitter-trends.iamrohit.in/pakistan/karachi.html]
[twitter-trends.iamrohit.in/philippines/antipolo.html]
[twitter-trends.iamrohit.in/south-africa/durban.html]
[twitter-trends.iamrohit.in/united-kingdom/glasgow.html]
[twitter-trends.iamrohit.in/united-kingdom/london.html]
[twitter-trends.iamrohit.in/united-states/chicago.html]
[twitter-trends.iamrohit.in/united-states/indianapolis.html]
[twitter-trends.iamrohit.in/united-states/los-angeles.html]
[twitter-trends.iamrohit.in/united-states/miami.html]
[twitter-trends.iamrohit.in/united-states/new-york.html]
[twitter-trends.iamrohit.in/Dominican Republic.html]
[twitter-trends.iamrohit.in/New Zealand.html]
[twitter-trends.iamrohit.in/Puerto Rico.html]
[twitter-trends.iamrohit.in/Saudi Arabia.html]
[twitter-trends.iamrohit.in/South Africa.html]
[twitter-trends.iamrohit.in/United Arab Emirates.html]
[twitter-trends.iamrohit.in/United Kingdom.html]
[twitter-trends.iamrohit.in/United States.html]
[twitter-trends.iamrohit.in/ecuador/quito.html]
[twitter-trends.iamrohit.in/ecuador/guayaquil.html]
[twitter-trends.iamrohit.in/egypt/giza.html]
[twitter-trends.iamrohit.in/egypt/cairo.html]
[twitter-trends.iamrohit.in/egypt/alexandria.html]
[twitter-trends.iamrohit.in/france/bordeaux.html]
[twitter-trends.iamrohit.in/france/lille.html]
[twitter-trends.iamrohit.in/france/lyon.html]
[twitter-trends.iamrohit.in/france/marseille.html]
[twitter-trends.iamrohit.in/france/montpellier.html]
[twitter-trends.iamrohit.in/france/nantes.html]
[twitter-trends.iamrohit.in/france/paris.html]
[twitter-trends.iamrohit.in/france/rennes.html]
[twitter-trends.iamrohit.in/france/strasbourg.html]
[twitter-trends.iamrohit.in/france/toulouse.html]
[twitter-trends.iamrohit.in/germany/berlin.html]
[twitter-trends.iamrohit.in/germany/bremen.html]
[twitter-trends.iamrohit.in/germany/dortmund.html]
[twitter-trends.iamrohit.in/germany/dresden.html]
[twitter-trends.iamrohit.in/germany/dusseldorf.html]
[twitter-trends.iamrohit.in/germany/essen.html]
[twitter-trends.iamrohit.in/germany/frankfurt.html]
[twitter-trends.iamrohit.in/germany/cologne.html]
[twitter-trends.iamrohit.in/germany/leipzig.html]
[twitter-trends.iamrohit.in/germany/munich.html]
[twitter-trends.iamrohit.in/germany/stuttgart.html]
[twitter-trends.iamrohit.in/ghana/kumasi.html]
[twitter-trends.iamrohit.in/greece/athens.html]
[twitter-trends.iamrohit.in/greece/thessaloniki.html]
[twitter-trends.iamrohit.in/guatemala/guatemala-city.html]
[twitter-trends.iamrohit.in/india/patna.html]
[twitter-trends.iamrohit.in/india/ranchi.html]
[twitter-trends.iamrohit.in/india/srinagar.html]
[twitter-trends.iamrohit.in/india/amritsar.html]
[twitter-trends.iamrohit.in/india/rajkot.html]
[twitter-trends.iamrohit.in/india/surat.html]
[twitter-trends.iamrohit.in/india/bhopal.html]
[twitter-trends.iamrohit.in/india/indore.html]
[twitter-trends.iamrohit.in/india/thane.html]
[twitter-trends.iamrohit.in/india/mumbai.html]
[twitter-trends.iamrohit.in/india/pune.html]
[twitter-trends.iamrohit.in/india/hyderabad.html]
[twitter-trends.iamrohit.in/india/delhi.html]
[twitter-trends.iamrohit.in/indonesia/bekasi.html]
[twitter-trends.iamrohit.in/indonesia/depok.html]
[twitter-trends.iamrohit.in/indonesia/pekanbaru.html]
[twitter-trends.iamrohit.in/indonesia/surabaya.html]
[twitter-trends.iamrohit.in/indonesia/makassar.html]
[twitter-trends.iamrohit.in/indonesia/bandung.html]
[twitter-trends.iamrohit.in/indonesia/jakarta.html]
[twitter-trends.iamrohit.in/indonesia/medan.html]
[twitter-trends.iamrohit.in/indonesia/palembang.html]
[twitter-trends.iamrohit.in/indonesia/semarang.html]
[twitter-trends.iamrohit.in/indonesia/tangerang.html]
[twitter-trends.iamrohit.in/ireland/cork.html]
[twitter-trends.iamrohit.in/ireland/dublin.html]
[twitter-trends.iamrohit.in/ireland/galway.html]
[twitter-trends.iamrohit.in/israel/haifa.html]
[twitter-trends.iamrohit.in/israel/tel-aviv.html]
[twitter-trends.iamrohit.in/israel/jerusalem.html]
[twitter-trends.iamrohit.in/italy/bologna.html]
[twitter-trends.iamrohit.in/italy/genoa.html]
[twitter-trends.iamrohit.in/italy/milan.html]
[twitter-trends.iamrohit.in/italy/naples.html]
[twitter-trends.iamrohit.in/italy/palermo.html]
[twitter-trends.iamrohit.in/italy/rome.html]
[twitter-trends.iamrohit.in/italy/turin.html]
[twitter-trends.iamrohit.in/japan/kitakyushu.html]
[twitter-trends.iamrohit.in/japan/saitama.html]
[twitter-trends.iamrohit.in/japan/chiba.html]
[twitter-trends.iamrohit.in/japan/fukuoka.html]
[twitter-trends.iamrohit.in/japan/hamamatsu.html]
[twitter-trends.iamrohit.in/japan/hiroshima.html]
[twitter-trends.iamrohit.in/japan/kawasaki.html]
[twitter-trends.iamrohit.in/japan/kobe.html]
[twitter-trends.iamrohit.in/japan/kumamoto.html]
[twitter-trends.iamrohit.in/japan/nagoya.html]
[twitter-trends.iamrohit.in/japan/sagamihara.html]
[twitter-trends.iamrohit.in/japan/sapporo.html]
[twitter-trends.iamrohit.in/japan/sendai.html]
[twitter-trends.iamrohit.in/japan/takamatsu.html]
[twitter-trends.iamrohit.in/japan/tokyo.html]
[twitter-trends.iamrohit.in/japan/yokohama.html]
[twitter-trends.iamrohit.in/japan/okinawa.html]
[twitter-trends.iamrohit.in/japan/osaka.html]
[twitter-trends.iamrohit.in/japan/kyoto.html]
[twitter-trends.iamrohit.in/japan/okayama.html]
[twitter-trends.iamrohit.in/jordan/amman.html]
[twitter-trends.iamrohit.in/kenya/mombasa.html]
[twitter-trends.iamrohit.in/korea/goyang.html]
[twitter-trends.iamrohit.in/korea/yongin.html]
[twitter-trends.iamrohit.in/korea/bucheon.html]
[twitter-trends.iamrohit.in/korea/busan.html]
[twitter-trends.iamrohit.in/korea/changwon.html]
[twitter-trends.iamrohit.in/korea/daegu.html]
[twitter-trends.iamrohit.in/korea/gwangju.html]
[twitter-trends.iamrohit.in/korea/incheon.html]
[twitter-trends.iamrohit.in/korea/seongnam.html]
[twitter-trends.iamrohit.in/korea/suwon.html]
[twitter-trends.iamrohit.in/korea/ulsan.html]
[twitter-trends.iamrohit.in/korea/seoul.html]
[twitter-trends.iamrohit.in/korea/daejeon.html]
[twitter-trends.iamrohit.in/latvia/riga.html]
[twitter-trends.iamrohit.in/malaysia/kajang.html]
[twitter-trends.iamrohit.in/malaysia/ipoh.html]
[twitter-trends.iamrohit.in/malaysia/johor-bahru.html]
[twitter-trends.iamrohit.in/malaysia/klang.html]
[twitter-trends.iamrohit.in/malaysia/kuala-lumpur.html]
[twitter-trends.iamrohit.in/malaysia/petaling.html]
[twitter-trends.iamrohit.in/malaysia/hulu-langat.html]
[twitter-trends.iamrohit.in/mexico/acapulco.html]
[twitter-trends.iamrohit.in/mexico/aguascalientes.html]
[twitter-trends.iamrohit.in/mexico/chihuahua.html]
[twitter-trends.iamrohit.in/mexico/mexico-city.html]
[twitter-trends.iamrohit.in/mexico/ciudad-juarez.html]
[twitter-trends.iamrohit.in/mexico/nezahualcóyotl.html]
[twitter-trends.iamrohit.in/mexico/culiacán.html]
[twitter-trends.iamrohit.in/mexico/ecatepec-de-morelos.html]
[twitter-trends.iamrohit.in/mexico/guadalajara.html]
[twitter-trends.iamrohit.in/mexico/hermosillo.html]
[twitter-trends.iamrohit.in/mexico/león.html]
[twitter-trends.iamrohit.in/mexico/mérida.html]
[twitter-trends.iamrohit.in/mexico/mexicali.html]
[twitter-trends.iamrohit.in/mexico/monterrey.html]
[twitter-trends.iamrohit.in/mexico/morelia.html]
[twitter-trends.iamrohit.in/mexico/naucalpan-de-juárez.html]
[twitter-trends.iamrohit.in/mexico/puebla.html]
[twitter-trends.iamrohit.in/mexico/querétaro.html]
[twitter-trends.iamrohit.in/mexico/saltillo.html]
[twitter-trends.iamrohit.in/mexico/san-luis-potosí.html]
[twitter-trends.iamrohit.in/mexico/tijuana.html]
[twitter-trends.iamrohit.in/mexico/toluca.html]
[twitter-trends.iamrohit.in/mexico/zapopan.html]
[twitter-trends.iamrohit.in/netherlands/den-haag.html]
[twitter-trends.iamrohit.in/netherlands/amsterdam.html]
[twitter-trends.iamrohit.in/netherlands/rotterdam.html]
[twitter-trends.iamrohit.in/netherlands/utrecht.html]
[twitter-trends.iamrohit.in/new-zealand/auckland.html]
[twitter-trends.iamrohit.in/nigeria/ibadan.html]
[twitter-trends.iamrohit.in/nigeria/kaduna.html]
[twitter-trends.iamrohit.in/nigeria/kano.html]
[twitter-trends.iamrohit.in/nigeria/lagos.html]
[twitter-trends.iamrohit.in/nigeria/port-harcourt.html]
[twitter-trends.iamrohit.in/norway/bergen.html]
[twitter-trends.iamrohit.in/oman/muscat.html]
[twitter-trends.iamrohit.in/pakistan/lahore.html]
[twitter-trends.iamrohit.in/pakistan/multan.html]
[twitter-trends.iamrohit.in/pakistan/rawalpindi.html]
[twitter-trends.iamrohit.in/pakistan/faisalabad.html]
[twitter-trends.iamrohit.in/peru/lima.html]
[twitter-trends.iamrohit.in/philippines/calocan.html]
[twitter-trends.iamrohit.in/philippines/makati.html]
[twitter-trends.iamrohit.in/philippines/pasig.html]
[twitter-trends.iamrohit.in/philippines/taguig.html]
[twitter-trends.iamrohit.in/philippines/cagayan-de-oro.html]
[twitter-trends.iamrohit.in/philippines/cebu-city.html]
[twitter-trends.iamrohit.in/philippines/davao-city.html]
[twitter-trends.iamrohit.in/philippines/manila.html]
[twitter-trends.iamrohit.in/philippines/quezon-city.html]
[twitter-trends.iamrohit.in/philippines/zamboanga-city.html]
[twitter-trends.iamrohit.in/poland/gdańsk.html]
[twitter-trends.iamrohit.in/poland/kraków.html]
[twitter-trends.iamrohit.in/poland/lodz.html]
[twitter-trends.iamrohit.in/poland/poznań.html]
[twitter-trends.iamrohit.in/poland/warsaw.html]
[twitter-trends.iamrohit.in/poland/wroclaw.html]
[twitter-trends.iamrohit.in/russia/chelyabinsk.html]
[twitter-trends.iamrohit.in/russia/khabarovsk.html]
[twitter-trends.iamrohit.in/russia/krasnodar.html]
[twitter-trends.iamrohit.in/russia/krasnoyarsk.html]
[twitter-trends.iamrohit.in/russia/samara.html]
[twitter-trends.iamrohit.in/russia/voronezh.html]
[twitter-trends.iamrohit.in/russia/yekaterinburg.html]
[twitter-trends.iamrohit.in/russia/irkutsk.html]
[twitter-trends.iamrohit.in/russia/kazan.html]
[twitter-trends.iamrohit.in/russia/moscow.html]
[twitter-trends.iamrohit.in/russia/nizhny-novgorod.html]
[twitter-trends.iamrohit.in/russia/novosibirsk.html]
[twitter-trends.iamrohit.in/russia/omsk.html]
[twitter-trends.iamrohit.in/russia/perm.html]
[twitter-trends.iamrohit.in/russia/rostov-on-don.html]
[twitter-trends.iamrohit.in/russia/saint-petersburg.html]
[twitter-trends.iamrohit.in/russia/ufa.html]
[twitter-trends.iamrohit.in/russia/vladivostok.html]
[twitter-trends.iamrohit.in/russia/volgograd.html]
[twitter-trends.iamrohit.in/saudi-arabia/medina.html]
[twitter-trends.iamrohit.in/saudi-arabia/dammam.html]
[twitter-trends.iamrohit.in/saudi-arabia/riyadh.html]
[twitter-trends.iamrohit.in/saudi-arabia/jeddah.html]
[twitter-trends.iamrohit.in/saudi-arabia/mecca.html]
[twitter-trends.iamrohit.in/saudi-arabia/ahsa.html]
[twitter-trends.iamrohit.in/south-africa/johannesburg.html]
[twitter-trends.iamrohit.in/south-africa/port-elizabeth.html]
[twitter-trends.iamrohit.in/south-africa/pretoria.html]
[twitter-trends.iamrohit.in/south-africa/soweto.html]
[twitter-trends.iamrohit.in/south-africa/cape-town.html]
[twitter-trends.iamrohit.in/spain/barcelona.html]
[twitter-trends.iamrohit.in/spain/bilbao.html]
[twitter-trends.iamrohit.in/spain/las-palmas.html]
[twitter-trends.iamrohit.in/spain/madrid.html]
[twitter-trends.iamrohit.in/spain/malaga.html]
[twitter-trends.iamrohit.in/spain/murcia.html]
[twitter-trends.iamrohit.in/spain/palma.html]
[twitter-trends.iamrohit.in/spain/seville.html]
[twitter-trends.iamrohit.in/spain/valencia.html]
[twitter-trends.iamrohit.in/spain/zaragoza.html]
[twitter-trends.iamrohit.in/sweden/gothenburg.html]
[twitter-trends.iamrohit.in/sweden/stockholm.html]
[twitter-trends.iamrohit.in/switzerland/geneva.html]
[twitter-trends.iamrohit.in/switzerland/lausanne.html]
[twitter-trends.iamrohit.in/switzerland/zurich.html]
[twitter-trends.iamrohit.in/thailand/bangkok.html]
[twitter-trends.iamrohit.in/turkey/mersin.html]
[twitter-trends.iamrohit.in/turkey/adana.html]
[twitter-trends.iamrohit.in/turkey/ankara.html]
[twitter-trends.iamrohit.in/turkey/antalya.html]
[twitter-trends.iamrohit.in/turkey/bursa.html]
[twitter-trends.iamrohit.in/turkey/diyarbakır.html]
[twitter-trends.iamrohit.in/turkey/eskişehir.html]
[twitter-trends.iamrohit.in/turkey/gaziantep.html]
[twitter-trends.iamrohit.in/turkey/istanbul.html]
[twitter-trends.iamrohit.in/turkey/izmir.html]
[twitter-trends.iamrohit.in/turkey/kayseri.html]
[twitter-trends.iamrohit.in/turkey/konya.html]
[twitter-trends.iamrohit.in/ukraine/dnipropetrovsk.html]
[twitter-trends.iamrohit.in/ukraine/donetsk.html]
[twitter-trends.iamrohit.in/ukraine/kharkiv.html]
[twitter-trends.iamrohit.in/ukraine/kyiv.html]
[twitter-trends.iamrohit.in/ukraine/lviv.html]
[twitter-trends.iamrohit.in/ukraine/odesa.html]
[twitter-trends.iamrohit.in/ukraine/zaporozhye.html]
[twitter-trends.iamrohit.in/united-arab-emirates/sharjah.html]
[twitter-trends.iamrohit.in/united-arab-emirates/abu-dhabi.html]
[twitter-trends.iamrohit.in/united-arab-emirates/dubai.html]
[twitter-trends.iamrohit.in/united-kingdom/birmingham.html]
[twitter-trends.iamrohit.in/united-kingdom/blackpool.html]
[twitter-trends.iamrohit.in/united-kingdom/bournemouth.html]
[twitter-trends.iamrohit.in/united-kingdom/brighton.html]
[twitter-trends.iamrohit.in/united-kingdom/bristol.html]
[twitter-trends.iamrohit.in/united-kingdom/cardiff.html]
[twitter-trends.iamrohit.in/united-kingdom/coventry.html]
[twitter-trends.iamrohit.in/united-kingdom/derby.html]
[twitter-trends.iamrohit.in/united-kingdom/edinburgh.html]
[twitter-trends.iamrohit.in/united-kingdom/hull.html]
[twitter-trends.iamrohit.in/united-kingdom/leeds.html]
[twitter-trends.iamrohit.in/united-kingdom/leicester.html]
[twitter-trends.iamrohit.in/united-kingdom/liverpool.html]
[twitter-trends.iamrohit.in/united-kingdom/manchester.html]
[twitter-trends.iamrohit.in/united-kingdom/middlesbrough.html]
[twitter-trends.iamrohit.in/united-kingdom/newcastle.html]
[twitter-trends.iamrohit.in/united-kingdom/nottingham.html]
[twitter-trends.iamrohit.in/united-kingdom/plymouth.html]
[twitter-trends.iamrohit.in/united-kingdom/portsmouth.html]
[twitter-trends.iamrohit.in/united-kingdom/preston.html]
[twitter-trends.iamrohit.in/united-kingdom/sheffield.html]
[twitter-trends.iamrohit.in/united-kingdom/stoke-on-trent.html]
[twitter-trends.iamrohit.in/united-kingdom/swansea.html]
[twitter-trends.iamrohit.in/united-kingdom/belfast.html]
[twitter-trends.iamrohit.in/united-states/albuquerque.html]
[twitter-trends.iamrohit.in/united-states/atlanta.html]
[twitter-trends.iamrohit.in/united-states/austin.html]
[twitter-trends.iamrohit.in/united-states/baltimore.html]
[twitter-trends.iamrohit.in/united-states/baton-rouge.html]
[twitter-trends.iamrohit.in/united-states/birmingham.html]
[twitter-trends.iamrohit.in/united-states/boston.html]
[twitter-trends.iamrohit.in/united-states/charlotte.html]
[twitter-trends.iamrohit.in/united-states/cincinnati.html]
[twitter-trends.iamrohit.in/united-states/cleveland.html]
[twitter-trends.iamrohit.in/united-states/colorado-springs.html]
[twitter-trends.iamrohit.in/united-states/columbus.html]
[twitter-trends.iamrohit.in/united-states/dallas-ft.html]
[twitter-trends.iamrohit.in/united-states/denver.html]
[twitter-trends.iamrohit.in/united-states/detroit.html]
[twitter-trends.iamrohit.in/united-states/el-paso.html]
[twitter-trends.iamrohit.in/united-states/fresno.html]
[twitter-trends.iamrohit.in/united-states/greensboro.html]
[twitter-trends.iamrohit.in/united-states/harrisburg.html]
[twitter-trends.iamrohit.in/united-states/honolulu.html]
[twitter-trends.iamrohit.in/united-states/houston.html]
[twitter-trends.iamrohit.in/united-states/jackson.html]
[twitter-trends.iamrohit.in/united-states/jacksonville.html]
[twitter-trends.iamrohit.in/united-states/kansas-city.html]
[twitter-trends.iamrohit.in/united-states/las-vegas.html]
[twitter-trends.iamrohit.in/united-states/long-beach.html]
[twitter-trends.iamrohit.in/united-states/louisville.html]
[twitter-trends.iamrohit.in/united-states/memphis.html]
[twitter-trends.iamrohit.in/united-states/mesa.html]
[twitter-trends.iamrohit.in/united-states/milwaukee.html]
[twitter-trends.iamrohit.in/united-states/minneapolis.html]
[twitter-trends.iamrohit.in/united-states/nashville.html]
[twitter-trends.iamrohit.in/united-states/new-haven.html]
[twitter-trends.iamrohit.in/united-states/new-orleans.html]
[twitter-trends.iamrohit.in/united-states/norfolk.html]
[twitter-trends.iamrohit.in/united-states/oklahoma-city.html]
[twitter-trends.iamrohit.in/united-states/omaha.html]
[twitter-trends.iamrohit.in/united-states/orlando.html]
[twitter-trends.iamrohit.in/united-states/philadelphia.html]
[twitter-trends.iamrohit.in/united-states/phoenix.html]
[twitter-trends.iamrohit.in/united-states/pittsburgh.html]
[twitter-trends.iamrohit.in/united-states/portland.html]
[twitter-trends.iamrohit.in/united-states/providence.html]
[twitter-trends.iamrohit.in/united-states/raleigh.html]
[twitter-trends.iamrohit.in/united-states/richmond.html]
[twitter-trends.iamrohit.in/united-states/sacramento.html]
[twitter-trends.iamrohit.in/united-states/st.html]
[twitter-trends.iamrohit.in/united-states/salt-lake-city.html]
[twitter-trends.iamrohit.in/united-states/san-antonio.html]
[twitter-trends.iamrohit.in/united-states/san-diego.html]
[twitter-trends.iamrohit.in/united-states/san-francisco.html]
[twitter-trends.iamrohit.in/united-states/san-jose.html]
[twitter-trends.iamrohit.in/united-states/seattle.html]
[twitter-trends.iamrohit.in/united-states/tallahassee.html]
[twitter-trends.iamrohit.in/united-states/tampa.html]
[twitter-trends.iamrohit.in/united-states/tucson.html]
[twitter-trends.iamrohit.in/united-states/virginia-beach.html]
[twitter-trends.iamrohit.in/united-states/washington.html]
[twitter-trends.iamrohit.in/venezuela/caracas.html]
[twitter-trends.iamrohit.in/venezuela/maracaibo.html]
[twitter-trends.iamrohit.in/venezuela/maracay.html]
[twitter-trends.iamrohit.in/venezuela/valencia.html]
[twitter-trends.iamrohit.in/venezuela/barcelona.html]
[twitter-trends.iamrohit.in/venezuela/ciudad-guayana.html]
[twitter-trends.iamrohit.in/venezuela/turmero.html]
[twitter-trends.iamrohit.in/venezuela/barquisimeto.html]
[twitter-trends.iamrohit.in/venezuela/maturín.html]
[twitter-trends.iamrohit.in/vietnam/hanoi.html]
[twitter-trends.iamrohit.in/vietnam/hai-phong.html]
[twitter-trends.iamrohit.in/vietnam/can-tho.html]
[twitter-trends.iamrohit.in/vietnam/da-nang.html]
[twitter-trends.iamrohit.in/vietnam/ho-chi-minh-city.html]
